<?xml version="1.0" encoding="UTF-8"?>
<testng-results ignored="0" total="1" passed="1" failed="0" skipped="0">
  <reporter-output>
  </reporter-output>
  <suite started-at="2024-11-25T12:52:44 IST" name="Default suite" finished-at="2024-11-25T12:53:04 IST" duration-ms="19799">
    <groups>
    </groups>
    <test started-at="2024-11-25T12:52:44 IST" name="Default test" finished-at="2024-11-25T12:53:04 IST" duration-ms="19799">
      <class name="Test.Login">
        <test-method signature="ConnectWeb()[pri:0, instance:Test.Login@24aed80c]" started-at="2024-11-25T12:52:44 IST" name="ConnectWeb" finished-at="2024-11-25T12:53:04 IST" duration-ms="19750" status="PASS">
          <reporter-output>
          </reporter-output>
        </test-method> <!-- ConnectWeb -->
      </class> <!-- Test.Login -->
    </test> <!-- Default test -->
  </suite> <!-- Default suite -->
</testng-results>
